<?xml version="1.0" encoding="UTF-8"?>
<!-- Generated by org.testng.reporters.JUnitReportReporter -->
<testsuite skipped="0" hostname="jenkins" name="test.main" tests="42" failures="0" timestamp="13 Jun 2019 07:42:27 GMT" time="907.044" errors="0">
  <testcase name="SSOcheckAMP" time="8.543" classname="test.main"/>
  <testcase name="socialGauthAMP" time="5.121" classname="test.main"/>
  <testcase name="enableEmoteWidget" time="2.857" classname="test.main"/>
  <testcase name="toxicityLimitAMP" time="40.086" classname="test.main"/>
  <testcase name="transliterationAMP" time="20.367" classname="test.main"/>
  <testcase name="approveComment" time="108.849" classname="test.main"/>
  <testcase name="textQuotation" time="22.133" classname="test.main"/>
  <testcase name="socialTauthAMP" time="5.124" classname="test.main"/>
  <testcase name="countToLoadAMP" time="2.040" classname="test.main"/>
  <testcase name="socialAuthAMP" time="6.312" classname="test.main"/>
  <testcase name="textList" time="21.098" classname="test.main"/>
  <testcase name="hideCommentInputBoxAMP" time="6.553" classname="test.main"/>
  <testcase name="numberOfEmote" time="4.938" classname="test.main"/>
  <testcase name="moderationTurnOn" time="35.118" classname="test.main"/>
  <testcase name="moderationTurnOff" time="32.073" classname="test.main"/>
  <testcase name="socialFauthAMP" time="2.199" classname="test.main"/>
  <testcase name="blockWord" time="82.120" classname="test.main"/>
  <testcase name="disableCommentingAMP" time="6.199" classname="test.main"/>
  <testcase name="gif" time="27.698" classname="test.main"/>
  <testcase name="addNewModerator" time="96.372" classname="test.main"/>
  <testcase name="spamLimit" time="25.113" classname="test.main"/>
  <testcase name="addNewSite" time="16.556" classname="test.main"/>
  <testcase name="textBold" time="26.873" classname="test.main"/>
  <testcase name="textCreateLink" time="23.295" classname="test.main"/>
  <testcase name="textItalic" time="22.236" classname="test.main"/>
  <testcase name="defaultEmote" time="7.315" classname="test.main"/>
  <testcase name="customTextEmote" time="4.209" classname="test.main"/>
  <testcase name="socialPasswordauthAMP" time="5.164" classname="test.main"/>
  <testcase name="textUnderline" time="24.325" classname="test.main"/>
  <testcase name="signUpAsAdmin" time="12.790" classname="test.main"/>
  <testcase name="textCode" time="22.249" classname="test.main"/>
  <testcase name="spamLimitAMP" time="22.026" classname="test.main"/>
  <testcase name="maxChar" time="9.286" classname="test.main"/>
  <testcase name="socialVuukleauthAMP" time="6.325" classname="test.main"/>
  <testcase name="blockCommenter" time="83.222" classname="test.main"/>
  <testcase name="logInAdmin" time="8.056" classname="test.main"/>
  <testcase name="socialDauthAMP" time="5.886" classname="test.main"/>
  <testcase name="changeLabelEmote" time="4.898" classname="test.main"/>
  <testcase name="enabledPowerbar" time="2.783" classname="test.main"/>
  <testcase name="toxicityLimit" time="30.556" classname="test.main"/>
  <testcase name="verticalPosition" time="5.747" classname="test.main"/>
  <testcase name="commentWidgetDisableAMP" time="2.334" classname="test.main"/>
</testsuite> <!-- test.main -->
