<?xml version="1.0" encoding="UTF-8"?>
<!-- Generated by org.testng.reporters.JUnitReportReporter -->
<testsuite hostname="DESKTOP-8OT5E87" failures="0" tests="1" name="test.JavaSample" time="0.005" errors="0" timestamp="17 июн. 2019 09:31:21 GMT" skipped="0">
  <testcase classname="test.JavaSample" name="go" time="0.005"/>
</testsuite> <!-- test.JavaSample -->
